<?xml version="1.0" encoding="UTF-8"?>
<!-- Generated by org.testng.reporters.JUnitXMLReporter -->
<testsuite ignored="0" hostname="Dell-pc" failures="2" tests="5" name="ExcuteFailedTestInTestNg" time="0.12" errors="0" timestamp="2022-07-24T13:22:03 IST">
  <testcase classname="TestNgAnnotation.DependancyandprioritiesTestNg" name="Test1" time="0.019">
    <failure type="java.lang.AssertionError" message="expected [true] but found [false]">
      <![CDATA[java.lang.AssertionError: expected [true] but found [false]
at TestNgAnnotation.DependancyandprioritiesTestNg.Test1(DependancyandprioritiesTestNg.java:11)
at java.base/java.util.ArrayList.forEach(ArrayList.java:1511)
... Removed 31 stack frames]]>
    </failure>
  </testcase> <!-- Test1 -->
  <testcase classname="TestNgAnnotation.DependancyandprioritiesTestNg" name="Test2" time="0.003"/>
  <testcase classname="TestNgAnnotation.DependancyandprioritiesTestNg" name="Test3" time="0.01">
    <failure type="java.lang.AssertionError" message="expected [true] but found [false]">
      <![CDATA[java.lang.AssertionError: expected [true] but found [false]
at TestNgAnnotation.DependancyandprioritiesTestNg.Test3(DependancyandprioritiesTestNg.java:25)
at java.base/java.util.ArrayList.forEach(ArrayList.java:1511)
... Removed 31 stack frames]]>
    </failure>
  </testcase> <!-- Test3 -->
  <testcase classname="TestNgAnnotation.DependancyandprioritiesTestNg" name="Test4" time="0.002"/>
  <testcase classname="TestNgAnnotation.DemoTest" name="test" time="0.002"/>
</testsuite> <!-- ExcuteFailedTestInTestNg -->
