<?xml version="1.0" encoding="UTF-8"?>
<!-- Generated by org.testng.reporters.JUnitXMLReporter -->
<testsuite ignored="0" hostname="Dell-pc" failures="1" tests="1" name="Test" time="8.903" errors="0" timestamp="2022-07-30T13:41:56 IST">
  <testcase classname="Application.demo" name="parameterpassing" time="0.0">
    <failure type="org.testng.TestNGException" message="
Parameter &amp;apos;Keyword&amp;apos; is required by @Test on method parameterpassing but has not been marked @Optional or defined
in C:\Users\user\eclipse-workspace\demo2\SeleniumAllProgram\testng.xml">
      <![CDATA[org.testng.TestNGException: 
Parameter 'Keyword' is required by @Test on method parameterpassing but has not been marked @Optional or defined
in C:\Users\user\eclipse-workspace\demo2\SeleniumAllProgram\testng.xml
at java.base/java.util.ArrayList.forEach(ArrayList.java:1511)
... Removed 26 stack frames]]>
    </failure>
  </testcase> <!-- parameterpassing -->
</testsuite> <!-- Test -->
